{"/Users/pranav_vohra/Library/CloudStorage/OneDrive-McKinsey&Company/Desktop/codeAcademy2023/finalEval/server/database/config/config.js": {"path":"/Users/pranav_vohra/Library/CloudStorage/OneDrive-McKinsey&Company/Desktop/codeAcademy2023/finalEval/server/database/config/config.js","statementMap":{"0":{"start":{"line":1,"column":0},"end":{"line":26,"column":2}}},"fnMap":{},"branchMap":{},"s":{"0":3},"f":{},"b":{},"_coverageSchema":"1a1c01bbd47fc00a2c39e90264f33305004495a9","hash":"a296e3c929d41f2f660ad356dae2790cd00e1def"}
,"/Users/pranav_vohra/Library/CloudStorage/OneDrive-McKinsey&Company/Desktop/codeAcademy2023/finalEval/server/src/middlewares/authorization/index.js": {"path":"/Users/pranav_vohra/Library/CloudStorage/OneDrive-McKinsey&Company/Desktop/codeAcademy2023/finalEval/server/src/middlewares/authorization/index.js","statementMap":{"0":{"start":{"line":1,"column":14},"end":{"line":1,"column":30}},"1":{"start":{"line":2,"column":21},"end":{"line":2,"column":50}},"2":{"start":{"line":4,"column":14},"end":{"line":7,"column":1}},"3":{"start":{"line":9,"column":16},"end":{"line":9,"column":52}},"4":{"start":{"line":11,"column":26},"end":{"line":34,"column":1}},"5":{"start":{"line":12,"column":2},"end":{"line":33,"column":3}},"6":{"start":{"line":13,"column":25},"end":{"line":15,"column":6}},"7":{"start":{"line":16,"column":31},"end":{"line":16,"column":53}},"8":{"start":{"line":18,"column":4},"end":{"line":20,"column":5}},"9":{"start":{"line":19,"column":6},"end":{"line":19,"column":61}},"10":{"start":{"line":21,"column":4},"end":{"line":24,"column":6}},"11":{"start":{"line":25,"column":4},"end":{"line":25,"column":11}},"12":{"start":{"line":26,"column":4},"end":{"line":26,"column":13}},"13":{"start":{"line":28,"column":4},"end":{"line":28,"column":23}},"14":{"start":{"line":29,"column":4},"end":{"line":31,"column":5}},"15":{"start":{"line":30,"column":6},"end":{"line":30,"column":61}},"16":{"start":{"line":32,"column":4},"end":{"line":32,"column":68}},"17":{"start":{"line":36,"column":27},"end":{"line":57,"column":1}},"18":{"start":{"line":37,"column":2},"end":{"line":56,"column":3}},"19":{"start":{"line":38,"column":25},"end":{"line":40,"column":6}},"20":{"start":{"line":41,"column":31},"end":{"line":41,"column":53}},"21":{"start":{"line":42,"column":4},"end":{"line":44,"column":5}},"22":{"start":{"line":43,"column":6},"end":{"line":43,"column":61}},"23":{"start":{"line":45,"column":4},"end":{"line":48,"column":6}},"24":{"start":{"line":49,"column":4},"end":{"line":49,"column":11}},"25":{"start":{"line":50,"column":4},"end":{"line":50,"column":13}},"26":{"start":{"line":52,"column":4},"end":{"line":54,"column":5}},"27":{"start":{"line":53,"column":6},"end":{"line":53,"column":61}},"28":{"start":{"line":55,"column":4},"end":{"line":55,"column":68}},"29":{"start":{"line":59,"column":0},"end":{"line":62,"column":2}}},"fnMap":{"0":{"name":"(anonymous_0)","decl":{"start":{"line":11,"column":26},"end":{"line":11,"column":27}},"loc":{"start":{"line":11,"column":52},"end":{"line":34,"column":1}},"line":11},"1":{"name":"(anonymous_1)","decl":{"start":{"line":36,"column":27},"end":{"line":36,"column":28}},"loc":{"start":{"line":36,"column":53},"end":{"line":57,"column":1}},"line":36}},"branchMap":{"0":{"loc":{"start":{"line":18,"column":4},"end":{"line":20,"column":5}},"type":"if","locations":[{"start":{"line":18,"column":4},"end":{"line":20,"column":5}},{"start":{},"end":{}}],"line":18},"1":{"loc":{"start":{"line":29,"column":4},"end":{"line":31,"column":5}},"type":"if","locations":[{"start":{"line":29,"column":4},"end":{"line":31,"column":5}},{"start":{},"end":{}}],"line":29},"2":{"loc":{"start":{"line":42,"column":4},"end":{"line":44,"column":5}},"type":"if","locations":[{"start":{"line":42,"column":4},"end":{"line":44,"column":5}},{"start":{},"end":{}}],"line":42},"3":{"loc":{"start":{"line":52,"column":4},"end":{"line":54,"column":5}},"type":"if","locations":[{"start":{"line":52,"column":4},"end":{"line":54,"column":5}},{"start":{},"end":{}}],"line":52}},"s":{"0":1,"1":1,"2":1,"3":1,"4":1,"5":3,"6":3,"7":2,"8":2,"9":1,"10":1,"11":1,"12":1,"13":1,"14":1,"15":1,"16":0,"17":1,"18":3,"19":3,"20":2,"21":2,"22":1,"23":1,"24":1,"25":1,"26":1,"27":1,"28":0,"29":1},"f":{"0":3,"1":3},"b":{"0":[1,1],"1":[1,0],"2":[1,1],"3":[1,0]},"_coverageSchema":"1a1c01bbd47fc00a2c39e90264f33305004495a9","hash":"14003368fb89c6b3663866e659ab07d8009b82d0"}
,"/Users/pranav_vohra/Library/CloudStorage/OneDrive-McKinsey&Company/Desktop/codeAcademy2023/finalEval/server/src/models/ContentType.js": {"path":"/Users/pranav_vohra/Library/CloudStorage/OneDrive-McKinsey&Company/Desktop/codeAcademy2023/finalEval/server/src/models/ContentType.js","statementMap":{"0":{"start":{"line":1,"column":18},"end":{"line":1,"column":38}},"1":{"start":{"line":3,"column":0},"end":{"line":46,"column":2}},"2":{"start":{"line":8,"column":6},"end":{"line":11,"column":9}},"3":{"start":{"line":13,"column":6},"end":{"line":16,"column":9}},"4":{"start":{"line":19,"column":2},"end":{"line":44,"column":4}},"5":{"start":{"line":45,"column":2},"end":{"line":45,"column":21}}},"fnMap":{"0":{"name":"(anonymous_0)","decl":{"start":{"line":3,"column":17},"end":{"line":3,"column":18}},"loc":{"start":{"line":3,"column":43},"end":{"line":46,"column":1}},"line":3},"1":{"name":"(anonymous_1)","decl":{"start":{"line":5,"column":4},"end":{"line":5,"column":5}},"loc":{"start":{"line":5,"column":29},"end":{"line":17,"column":5}},"line":5}},"branchMap":{},"s":{"0":3,"1":3,"2":3,"3":3,"4":3,"5":3},"f":{"0":3,"1":3},"b":{},"_coverageSchema":"1a1c01bbd47fc00a2c39e90264f33305004495a9","hash":"1b75911aba950dc8e864574ac016d161b4b1d0e6"}
,"/Users/pranav_vohra/Library/CloudStorage/OneDrive-McKinsey&Company/Desktop/codeAcademy2023/finalEval/server/src/models/Record.js": {"path":"/Users/pranav_vohra/Library/CloudStorage/OneDrive-McKinsey&Company/Desktop/codeAcademy2023/finalEval/server/src/models/Record.js","statementMap":{"0":{"start":{"line":1,"column":18},"end":{"line":1,"column":38}},"1":{"start":{"line":3,"column":0},"end":{"line":41,"column":2}},"2":{"start":{"line":7,"column":6},"end":{"line":11,"column":9}},"3":{"start":{"line":14,"column":2},"end":{"line":39,"column":4}},"4":{"start":{"line":40,"column":2},"end":{"line":40,"column":16}}},"fnMap":{"0":{"name":"(anonymous_0)","decl":{"start":{"line":3,"column":17},"end":{"line":3,"column":18}},"loc":{"start":{"line":3,"column":43},"end":{"line":41,"column":1}},"line":3},"1":{"name":"(anonymous_1)","decl":{"start":{"line":5,"column":4},"end":{"line":5,"column":5}},"loc":{"start":{"line":5,"column":29},"end":{"line":12,"column":5}},"line":5}},"branchMap":{},"s":{"0":3,"1":3,"2":3,"3":3,"4":3},"f":{"0":3,"1":3},"b":{},"_coverageSchema":"1a1c01bbd47fc00a2c39e90264f33305004495a9","hash":"21fe41a910abd965c42d057b309be5065444f0ce"}
,"/Users/pranav_vohra/Library/CloudStorage/OneDrive-McKinsey&Company/Desktop/codeAcademy2023/finalEval/server/src/models/Sample.js": {"path":"/Users/pranav_vohra/Library/CloudStorage/OneDrive-McKinsey&Company/Desktop/codeAcademy2023/finalEval/server/src/models/Sample.js","statementMap":{"0":{"start":{"line":1,"column":18},"end":{"line":1,"column":38}},"1":{"start":{"line":3,"column":0},"end":{"line":32,"column":2}},"2":{"start":{"line":9,"column":2},"end":{"line":30,"column":4}},"3":{"start":{"line":31,"column":2},"end":{"line":31,"column":16}}},"fnMap":{"0":{"name":"(anonymous_0)","decl":{"start":{"line":3,"column":17},"end":{"line":3,"column":18}},"loc":{"start":{"line":3,"column":43},"end":{"line":32,"column":1}},"line":3},"1":{"name":"(anonymous_1)","decl":{"start":{"line":5,"column":4},"end":{"line":5,"column":5}},"loc":{"start":{"line":5,"column":29},"end":{"line":7,"column":5}},"line":5}},"branchMap":{},"s":{"0":3,"1":3,"2":3,"3":3},"f":{"0":3,"1":3},"b":{},"_coverageSchema":"1a1c01bbd47fc00a2c39e90264f33305004495a9","hash":"1318841e0c791a8f5e7c341f1d70f84fd492c302"}
,"/Users/pranav_vohra/Library/CloudStorage/OneDrive-McKinsey&Company/Desktop/codeAcademy2023/finalEval/server/src/models/Schema.js": {"path":"/Users/pranav_vohra/Library/CloudStorage/OneDrive-McKinsey&Company/Desktop/codeAcademy2023/finalEval/server/src/models/Schema.js","statementMap":{"0":{"start":{"line":1,"column":18},"end":{"line":1,"column":38}},"1":{"start":{"line":3,"column":0},"end":{"line":41,"column":2}},"2":{"start":{"line":7,"column":6},"end":{"line":11,"column":9}},"3":{"start":{"line":14,"column":2},"end":{"line":39,"column":4}},"4":{"start":{"line":40,"column":2},"end":{"line":40,"column":16}}},"fnMap":{"0":{"name":"(anonymous_0)","decl":{"start":{"line":3,"column":17},"end":{"line":3,"column":18}},"loc":{"start":{"line":3,"column":43},"end":{"line":41,"column":1}},"line":3},"1":{"name":"(anonymous_1)","decl":{"start":{"line":5,"column":4},"end":{"line":5,"column":5}},"loc":{"start":{"line":5,"column":29},"end":{"line":12,"column":5}},"line":5}},"branchMap":{},"s":{"0":3,"1":3,"2":3,"3":3,"4":3},"f":{"0":3,"1":3},"b":{},"_coverageSchema":"1a1c01bbd47fc00a2c39e90264f33305004495a9","hash":"df1f636c11d3581742b40c7d872834b13c3fa72d"}
,"/Users/pranav_vohra/Library/CloudStorage/OneDrive-McKinsey&Company/Desktop/codeAcademy2023/finalEval/server/src/models/index.js": {"path":"/Users/pranav_vohra/Library/CloudStorage/OneDrive-McKinsey&Company/Desktop/codeAcademy2023/finalEval/server/src/models/index.js","statementMap":{"0":{"start":{"line":1,"column":11},"end":{"line":1,"column":24}},"1":{"start":{"line":2,"column":13},"end":{"line":2,"column":28}},"2":{"start":{"line":3,"column":18},"end":{"line":3,"column":38}},"3":{"start":{"line":4,"column":16},"end":{"line":4,"column":34}},"4":{"start":{"line":6,"column":17},"end":{"line":6,"column":42}},"5":{"start":{"line":7,"column":12},"end":{"line":7,"column":49}},"6":{"start":{"line":8,"column":15},"end":{"line":8,"column":62}},"7":{"start":{"line":9,"column":11},"end":{"line":9,"column":13}},"8":{"start":{"line":12,"column":0},"end":{"line":21,"column":1}},"9":{"start":{"line":13,"column":2},"end":{"line":13,"column":74}},"10":{"start":{"line":15,"column":2},"end":{"line":20,"column":4}},"11":{"start":{"line":23,"column":0},"end":{"line":37,"column":5}},"12":{"start":{"line":26,"column":6},"end":{"line":29,"column":37}},"13":{"start":{"line":32,"column":18},"end":{"line":35,"column":5}},"14":{"start":{"line":36,"column":4},"end":{"line":36,"column":27}},"15":{"start":{"line":39,"column":0},"end":{"line":43,"column":3}},"16":{"start":{"line":40,"column":2},"end":{"line":42,"column":3}},"17":{"start":{"line":41,"column":4},"end":{"line":41,"column":32}},"18":{"start":{"line":45,"column":0},"end":{"line":45,"column":25}},"19":{"start":{"line":46,"column":0},"end":{"line":46,"column":25}},"20":{"start":{"line":48,"column":0},"end":{"line":48,"column":20}}},"fnMap":{"0":{"name":"(anonymous_0)","decl":{"start":{"line":25,"column":4},"end":{"line":25,"column":5}},"loc":{"start":{"line":26,"column":6},"end":{"line":29,"column":37}},"line":26},"1":{"name":"(anonymous_1)","decl":{"start":{"line":31,"column":11},"end":{"line":31,"column":12}},"loc":{"start":{"line":31,"column":21},"end":{"line":37,"column":3}},"line":31},"2":{"name":"(anonymous_2)","decl":{"start":{"line":39,"column":24},"end":{"line":39,"column":25}},"loc":{"start":{"line":39,"column":39},"end":{"line":43,"column":1}},"line":39}},"branchMap":{"0":{"loc":{"start":{"line":7,"column":12},"end":{"line":7,"column":49}},"type":"binary-expr","locations":[{"start":{"line":7,"column":12},"end":{"line":7,"column":32}},{"start":{"line":7,"column":36},"end":{"line":7,"column":49}}],"line":7},"1":{"loc":{"start":{"line":12,"column":0},"end":{"line":21,"column":1}},"type":"if","locations":[{"start":{"line":12,"column":0},"end":{"line":21,"column":1}},{"start":{"line":14,"column":7},"end":{"line":21,"column":1}}],"line":12},"2":{"loc":{"start":{"line":26,"column":6},"end":{"line":29,"column":37}},"type":"binary-expr","locations":[{"start":{"line":26,"column":6},"end":{"line":26,"column":29}},{"start":{"line":27,"column":6},"end":{"line":27,"column":23}},{"start":{"line":28,"column":6},"end":{"line":28,"column":30}},{"start":{"line":29,"column":6},"end":{"line":29,"column":37}}],"line":26},"3":{"loc":{"start":{"line":40,"column":2},"end":{"line":42,"column":3}},"type":"if","locations":[{"start":{"line":40,"column":2},"end":{"line":42,"column":3}},{"start":{},"end":{}}],"line":40}},"s":{"0":3,"1":3,"2":3,"3":3,"4":3,"5":3,"6":3,"7":3,"8":3,"9":0,"10":3,"11":3,"12":15,"13":12,"14":12,"15":3,"16":12,"17":12,"18":3,"19":3,"20":3},"f":{"0":15,"1":12,"2":12},"b":{"0":[3,0],"1":[0,3],"2":[15,15,12,12],"3":[12,0]},"_coverageSchema":"1a1c01bbd47fc00a2c39e90264f33305004495a9","hash":"3356c804ddb51770881d2ecdd2f543c6e9d0946b"}
,"/Users/pranav_vohra/Library/CloudStorage/OneDrive-McKinsey&Company/Desktop/codeAcademy2023/finalEval/server/src/schemas/api/contentTypes/create.js": {"path":"/Users/pranav_vohra/Library/CloudStorage/OneDrive-McKinsey&Company/Desktop/codeAcademy2023/finalEval/server/src/schemas/api/contentTypes/create.js","statementMap":{"0":{"start":{"line":1,"column":12},"end":{"line":1,"column":26}},"1":{"start":{"line":3,"column":23},"end":{"line":17,"column":1}},"2":{"start":{"line":4,"column":17},"end":{"line":13,"column":15}},"3":{"start":{"line":14,"column":20},"end":{"line":14,"column":45}},"4":{"start":{"line":15,"column":2},"end":{"line":15,"column":67}},"5":{"start":{"line":15,"column":13},"end":{"line":15,"column":67}},"6":{"start":{"line":16,"column":2},"end":{"line":16,"column":16}},"7":{"start":{"line":19,"column":0},"end":{"line":19,"column":32}}},"fnMap":{"0":{"name":"(anonymous_0)","decl":{"start":{"line":3,"column":23},"end":{"line":3,"column":24}},"loc":{"start":{"line":3,"column":43},"end":{"line":17,"column":1}},"line":3}},"branchMap":{"0":{"loc":{"start":{"line":15,"column":2},"end":{"line":15,"column":67}},"type":"if","locations":[{"start":{"line":15,"column":2},"end":{"line":15,"column":67}},{"start":{},"end":{}}],"line":15}},"s":{"0":1,"1":1,"2":2,"3":2,"4":2,"5":1,"6":1,"7":1},"f":{"0":2},"b":{"0":[1,1]},"_coverageSchema":"1a1c01bbd47fc00a2c39e90264f33305004495a9","hash":"10da69554ac4af70207f03b118e46fa1cf2e33b2"}
,"/Users/pranav_vohra/Library/CloudStorage/OneDrive-McKinsey&Company/Desktop/codeAcademy2023/finalEval/server/src/schemas/api/contentTypes/getById.js": {"path":"/Users/pranav_vohra/Library/CloudStorage/OneDrive-McKinsey&Company/Desktop/codeAcademy2023/finalEval/server/src/schemas/api/contentTypes/getById.js","statementMap":{"0":{"start":{"line":1,"column":12},"end":{"line":1,"column":26}},"1":{"start":{"line":3,"column":20},"end":{"line":10,"column":1}},"2":{"start":{"line":4,"column":17},"end":{"line":6,"column":4}},"3":{"start":{"line":7,"column":20},"end":{"line":7,"column":47}},"4":{"start":{"line":8,"column":2},"end":{"line":8,"column":67}},"5":{"start":{"line":8,"column":13},"end":{"line":8,"column":67}},"6":{"start":{"line":9,"column":2},"end":{"line":9,"column":16}},"7":{"start":{"line":12,"column":0},"end":{"line":12,"column":29}}},"fnMap":{"0":{"name":"(anonymous_0)","decl":{"start":{"line":3,"column":20},"end":{"line":3,"column":21}},"loc":{"start":{"line":3,"column":40},"end":{"line":10,"column":1}},"line":3}},"branchMap":{"0":{"loc":{"start":{"line":8,"column":2},"end":{"line":8,"column":67}},"type":"if","locations":[{"start":{"line":8,"column":2},"end":{"line":8,"column":67}},{"start":{},"end":{}}],"line":8}},"s":{"0":1,"1":1,"2":2,"3":2,"4":2,"5":1,"6":1,"7":1},"f":{"0":2},"b":{"0":[1,1]},"_coverageSchema":"1a1c01bbd47fc00a2c39e90264f33305004495a9","hash":"76067f920a49e59209a73cfb514b9aa68c90ae3d"}
,"/Users/pranav_vohra/Library/CloudStorage/OneDrive-McKinsey&Company/Desktop/codeAcademy2023/finalEval/server/src/schemas/api/contentTypes/list.js": {"path":"/Users/pranav_vohra/Library/CloudStorage/OneDrive-McKinsey&Company/Desktop/codeAcademy2023/finalEval/server/src/schemas/api/contentTypes/list.js","statementMap":{"0":{"start":{"line":1,"column":12},"end":{"line":1,"column":26}},"1":{"start":{"line":3,"column":28},"end":{"line":8,"column":1}},"2":{"start":{"line":4,"column":17},"end":{"line":4,"column":31}},"3":{"start":{"line":5,"column":20},"end":{"line":5,"column":46}},"4":{"start":{"line":6,"column":2},"end":{"line":6,"column":67}},"5":{"start":{"line":6,"column":13},"end":{"line":6,"column":67}},"6":{"start":{"line":7,"column":2},"end":{"line":7,"column":16}},"7":{"start":{"line":10,"column":0},"end":{"line":10,"column":37}}},"fnMap":{"0":{"name":"(anonymous_0)","decl":{"start":{"line":3,"column":28},"end":{"line":3,"column":29}},"loc":{"start":{"line":3,"column":48},"end":{"line":8,"column":1}},"line":3}},"branchMap":{"0":{"loc":{"start":{"line":6,"column":2},"end":{"line":6,"column":67}},"type":"if","locations":[{"start":{"line":6,"column":2},"end":{"line":6,"column":67}},{"start":{},"end":{}}],"line":6}},"s":{"0":1,"1":1,"2":2,"3":2,"4":2,"5":1,"6":1,"7":1},"f":{"0":2},"b":{"0":[1,1]},"_coverageSchema":"1a1c01bbd47fc00a2c39e90264f33305004495a9","hash":"3841da628a209187f1bd11ea3743679d0a6ee86a"}
,"/Users/pranav_vohra/Library/CloudStorage/OneDrive-McKinsey&Company/Desktop/codeAcademy2023/finalEval/server/src/schemas/api/contentTypes/updateMeta.js": {"path":"/Users/pranav_vohra/Library/CloudStorage/OneDrive-McKinsey&Company/Desktop/codeAcademy2023/finalEval/server/src/schemas/api/contentTypes/updateMeta.js","statementMap":{"0":{"start":{"line":1,"column":12},"end":{"line":1,"column":26}},"1":{"start":{"line":3,"column":23},"end":{"line":15,"column":1}},"2":{"start":{"line":4,"column":15},"end":{"line":6,"column":4}},"3":{"start":{"line":7,"column":20},"end":{"line":7,"column":45}},"4":{"start":{"line":8,"column":2},"end":{"line":8,"column":67}},"5":{"start":{"line":8,"column":13},"end":{"line":8,"column":67}},"6":{"start":{"line":9,"column":2},"end":{"line":11,"column":5}},"7":{"start":{"line":12,"column":28},"end":{"line":12,"column":55}},"8":{"start":{"line":13,"column":2},"end":{"line":13,"column":69}},"9":{"start":{"line":13,"column":14},"end":{"line":13,"column":69}},"10":{"start":{"line":14,"column":2},"end":{"line":14,"column":16}},"11":{"start":{"line":17,"column":0},"end":{"line":17,"column":32}}},"fnMap":{"0":{"name":"(anonymous_0)","decl":{"start":{"line":3,"column":23},"end":{"line":3,"column":24}},"loc":{"start":{"line":3,"column":43},"end":{"line":15,"column":1}},"line":3}},"branchMap":{"0":{"loc":{"start":{"line":8,"column":2},"end":{"line":8,"column":67}},"type":"if","locations":[{"start":{"line":8,"column":2},"end":{"line":8,"column":67}},{"start":{},"end":{}}],"line":8},"1":{"loc":{"start":{"line":13,"column":2},"end":{"line":13,"column":69}},"type":"if","locations":[{"start":{"line":13,"column":2},"end":{"line":13,"column":69}},{"start":{},"end":{}}],"line":13}},"s":{"0":1,"1":1,"2":2,"3":2,"4":2,"5":0,"6":2,"7":2,"8":2,"9":1,"10":1,"11":1},"f":{"0":2},"b":{"0":[0,2],"1":[1,1]},"_coverageSchema":"1a1c01bbd47fc00a2c39e90264f33305004495a9","hash":"e2734bd431579e2e520ccca0fa80bbdc138d0ff1"}
,"/Users/pranav_vohra/Library/CloudStorage/OneDrive-McKinsey&Company/Desktop/codeAcademy2023/finalEval/server/src/services/contentTypes/index.js": {"path":"/Users/pranav_vohra/Library/CloudStorage/OneDrive-McKinsey&Company/Desktop/codeAcademy2023/finalEval/server/src/services/contentTypes/index.js","statementMap":{"0":{"start":{"line":1,"column":24},"end":{"line":1,"column":47}},"1":{"start":{"line":3,"column":32},"end":{"line":3,"column":53}},"2":{"start":{"line":5,"column":33},"end":{"line":13,"column":1}},"3":{"start":{"line":6,"column":45},"end":{"line":6,"column":56}},"4":{"start":{"line":8,"column":25},"end":{"line":10,"column":4}},"5":{"start":{"line":11,"column":2},"end":{"line":11,"column":66}},"6":{"start":{"line":12,"column":2},"end":{"line":12,"column":35}},"7":{"start":{"line":16,"column":34},"end":{"line":29,"column":1}},"8":{"start":{"line":21,"column":22},"end":{"line":27,"column":4}},"9":{"start":{"line":28,"column":2},"end":{"line":28,"column":32}},"10":{"start":{"line":31,"column":34},"end":{"line":39,"column":1}},"11":{"start":{"line":32,"column":23},"end":{"line":36,"column":4}},"12":{"start":{"line":37,"column":2},"end":{"line":37,"column":28}},"13":{"start":{"line":38,"column":2},"end":{"line":38,"column":67}},"14":{"start":{"line":38,"column":43},"end":{"line":38,"column":65}},"15":{"start":{"line":41,"column":37},"end":{"line":53,"column":1}},"16":{"start":{"line":42,"column":29},"end":{"line":51,"column":3}},"17":{"start":{"line":52,"column":2},"end":{"line":52,"column":28}},"18":{"start":{"line":55,"column":0},"end":{"line":60,"column":2}}},"fnMap":{"0":{"name":"(anonymous_0)","decl":{"start":{"line":5,"column":33},"end":{"line":5,"column":34}},"loc":{"start":{"line":5,"column":56},"end":{"line":13,"column":1}},"line":5},"1":{"name":"(anonymous_1)","decl":{"start":{"line":16,"column":34},"end":{"line":16,"column":35}},"loc":{"start":{"line":16,"column":54},"end":{"line":29,"column":1}},"line":16},"2":{"name":"(anonymous_2)","decl":{"start":{"line":31,"column":34},"end":{"line":31,"column":35}},"loc":{"start":{"line":31,"column":50},"end":{"line":39,"column":1}},"line":31},"3":{"name":"(anonymous_3)","decl":{"start":{"line":38,"column":26},"end":{"line":38,"column":27}},"loc":{"start":{"line":38,"column":43},"end":{"line":38,"column":65}},"line":38},"4":{"name":"(anonymous_4)","decl":{"start":{"line":41,"column":37},"end":{"line":41,"column":38}},"loc":{"start":{"line":41,"column":57},"end":{"line":53,"column":1}},"line":41}},"branchMap":{},"s":{"0":1,"1":1,"2":1,"3":1,"4":1,"5":1,"6":1,"7":1,"8":1,"9":1,"10":1,"11":1,"12":1,"13":1,"14":2,"15":1,"16":1,"17":1,"18":1},"f":{"0":1,"1":1,"2":1,"3":2,"4":1},"b":{},"_coverageSchema":"1a1c01bbd47fc00a2c39e90264f33305004495a9","hash":"e6ca95c871b6ce924730b1e055f120585c0c955c"}
,"/Users/pranav_vohra/Library/CloudStorage/OneDrive-McKinsey&Company/Desktop/codeAcademy2023/finalEval/server/src/services/records/index.js": {"path":"/Users/pranav_vohra/Library/CloudStorage/OneDrive-McKinsey&Company/Desktop/codeAcademy2023/finalEval/server/src/services/records/index.js","statementMap":{"0":{"start":{"line":1,"column":19},"end":{"line":1,"column":42}},"1":{"start":{"line":3,"column":28},"end":{"line":10,"column":1}},"2":{"start":{"line":4,"column":20},"end":{"line":7,"column":4}},"3":{"start":{"line":9,"column":2},"end":{"line":9,"column":19}},"4":{"start":{"line":12,"column":28},"end":{"line":39,"column":1}},"5":{"start":{"line":14,"column":25},"end":{"line":14,"column":50}},"6":{"start":{"line":15,"column":2},"end":{"line":17,"column":3}},"7":{"start":{"line":16,"column":4},"end":{"line":16,"column":40}},"8":{"start":{"line":18,"column":20},"end":{"line":24,"column":3}},"9":{"start":{"line":26,"column":2},"end":{"line":26,"column":58}},"10":{"start":{"line":27,"column":24},"end":{"line":36,"column":3}},"11":{"start":{"line":38,"column":2},"end":{"line":38,"column":23}},"12":{"start":{"line":41,"column":28},"end":{"line":48,"column":1}},"13":{"start":{"line":42,"column":2},"end":{"line":46,"column":5}},"14":{"start":{"line":47,"column":2},"end":{"line":47,"column":14}},"15":{"start":{"line":50,"column":0},"end":{"line":54,"column":2}}},"fnMap":{"0":{"name":"(anonymous_0)","decl":{"start":{"line":3,"column":28},"end":{"line":3,"column":29}},"loc":{"start":{"line":3,"column":61},"end":{"line":10,"column":1}},"line":3},"1":{"name":"(anonymous_1)","decl":{"start":{"line":12,"column":28},"end":{"line":12,"column":29}},"loc":{"start":{"line":12,"column":50},"end":{"line":39,"column":1}},"line":12},"2":{"name":"(anonymous_2)","decl":{"start":{"line":41,"column":28},"end":{"line":41,"column":29}},"loc":{"start":{"line":41,"column":42},"end":{"line":48,"column":1}},"line":41}},"branchMap":{"0":{"loc":{"start":{"line":15,"column":2},"end":{"line":17,"column":3}},"type":"if","locations":[{"start":{"line":15,"column":2},"end":{"line":17,"column":3}},{"start":{},"end":{}}],"line":15}},"s":{"0":1,"1":1,"2":1,"3":1,"4":1,"5":1,"6":1,"7":0,"8":1,"9":1,"10":1,"11":1,"12":1,"13":1,"14":1,"15":1},"f":{"0":1,"1":1,"2":1},"b":{"0":[0,1]},"_coverageSchema":"1a1c01bbd47fc00a2c39e90264f33305004495a9","hash":"3ddea6cef88fb91ac6e65b440df12970647d5a0b"}
,"/Users/pranav_vohra/Library/CloudStorage/OneDrive-McKinsey&Company/Desktop/codeAcademy2023/finalEval/server/src/services/schemas/index.js": {"path":"/Users/pranav_vohra/Library/CloudStorage/OneDrive-McKinsey&Company/Desktop/codeAcademy2023/finalEval/server/src/services/schemas/index.js","statementMap":{"0":{"start":{"line":1,"column":40},"end":{"line":1,"column":63}},"1":{"start":{"line":3,"column":34},"end":{"line":8,"column":1}},"2":{"start":{"line":4,"column":22},"end":{"line":6,"column":4}},"3":{"start":{"line":7,"column":2},"end":{"line":7,"column":32}},"4":{"start":{"line":10,"column":28},"end":{"line":17,"column":1}},"5":{"start":{"line":11,"column":20},"end":{"line":14,"column":4}},"6":{"start":{"line":16,"column":2},"end":{"line":16,"column":19}},"7":{"start":{"line":19,"column":28},"end":{"line":44,"column":1}},"8":{"start":{"line":21,"column":25},"end":{"line":21,"column":50}},"9":{"start":{"line":22,"column":2},"end":{"line":24,"column":3}},"10":{"start":{"line":23,"column":4},"end":{"line":23,"column":40}},"11":{"start":{"line":25,"column":20},"end":{"line":31,"column":3}},"12":{"start":{"line":32,"column":24},"end":{"line":41,"column":3}},"13":{"start":{"line":43,"column":2},"end":{"line":43,"column":23}},"14":{"start":{"line":46,"column":31},"end":{"line":132,"column":1}},"15":{"start":{"line":51,"column":25},"end":{"line":51,"column":50}},"16":{"start":{"line":52,"column":23},"end":{"line":52,"column":55}},"17":{"start":{"line":55,"column":2},"end":{"line":59,"column":4}},"18":{"start":{"line":61,"column":22},"end":{"line":63,"column":3}},"19":{"start":{"line":64,"column":2},"end":{"line":64,"column":58}},"20":{"start":{"line":66,"column":2},"end":{"line":70,"column":3}},"21":{"start":{"line":67,"column":4},"end":{"line":69,"column":5}},"22":{"start":{"line":68,"column":6},"end":{"line":68,"column":73}},"23":{"start":{"line":71,"column":2},"end":{"line":71,"column":58}},"24":{"start":{"line":72,"column":2},"end":{"line":72,"column":37}},"25":{"start":{"line":73,"column":2},"end":{"line":75,"column":3}},"26":{"start":{"line":74,"column":4},"end":{"line":74,"column":39}},"27":{"start":{"line":76,"column":26},"end":{"line":78,"column":3}},"28":{"start":{"line":79,"column":2},"end":{"line":81,"column":3}},"29":{"start":{"line":80,"column":4},"end":{"line":80,"column":56}},"30":{"start":{"line":82,"column":2},"end":{"line":82,"column":34}},"31":{"start":{"line":83,"column":20},"end":{"line":88,"column":3}},"32":{"start":{"line":89,"column":24},"end":{"line":98,"column":3}},"33":{"start":{"line":101,"column":2},"end":{"line":129,"column":3}},"34":{"start":{"line":102,"column":31},"end":{"line":102,"column":33}},"35":{"start":{"line":103,"column":20},"end":{"line":107,"column":6}},"36":{"start":{"line":109,"column":4},"end":{"line":127,"column":7}},"37":{"start":{"line":110,"column":49},"end":{"line":110,"column":66}},"38":{"start":{"line":111,"column":6},"end":{"line":111,"column":33}},"39":{"start":{"line":113,"column":6},"end":{"line":126,"column":8}},"40":{"start":{"line":128,"column":4},"end":{"line":128,"column":42}},"41":{"start":{"line":131,"column":2},"end":{"line":131,"column":23}},"42":{"start":{"line":134,"column":0},"end":{"line":139,"column":2}}},"fnMap":{"0":{"name":"(anonymous_0)","decl":{"start":{"line":3,"column":34},"end":{"line":3,"column":35}},"loc":{"start":{"line":3,"column":48},"end":{"line":8,"column":1}},"line":3},"1":{"name":"(anonymous_1)","decl":{"start":{"line":10,"column":28},"end":{"line":10,"column":29}},"loc":{"start":{"line":10,"column":61},"end":{"line":17,"column":1}},"line":10},"2":{"name":"(anonymous_2)","decl":{"start":{"line":19,"column":28},"end":{"line":19,"column":29}},"loc":{"start":{"line":19,"column":50},"end":{"line":44,"column":1}},"line":19},"3":{"name":"(anonymous_3)","decl":{"start":{"line":46,"column":31},"end":{"line":46,"column":32}},"loc":{"start":{"line":46,"column":63},"end":{"line":132,"column":1}},"line":46},"4":{"name":"(anonymous_4)","decl":{"start":{"line":109,"column":20},"end":{"line":109,"column":21}},"loc":{"start":{"line":109,"column":32},"end":{"line":127,"column":5}},"line":109}},"branchMap":{"0":{"loc":{"start":{"line":22,"column":2},"end":{"line":24,"column":3}},"type":"if","locations":[{"start":{"line":22,"column":2},"end":{"line":24,"column":3}},{"start":{},"end":{}}],"line":22},"1":{"loc":{"start":{"line":66,"column":2},"end":{"line":70,"column":3}},"type":"if","locations":[{"start":{"line":66,"column":2},"end":{"line":70,"column":3}},{"start":{},"end":{}}],"line":66},"2":{"loc":{"start":{"line":67,"column":4},"end":{"line":69,"column":5}},"type":"if","locations":[{"start":{"line":67,"column":4},"end":{"line":69,"column":5}},{"start":{},"end":{}}],"line":67},"3":{"loc":{"start":{"line":73,"column":2},"end":{"line":75,"column":3}},"type":"if","locations":[{"start":{"line":73,"column":2},"end":{"line":75,"column":3}},{"start":{},"end":{}}],"line":73},"4":{"loc":{"start":{"line":79,"column":2},"end":{"line":81,"column":3}},"type":"if","locations":[{"start":{"line":79,"column":2},"end":{"line":81,"column":3}},{"start":{},"end":{}}],"line":79},"5":{"loc":{"start":{"line":101,"column":2},"end":{"line":129,"column":3}},"type":"if","locations":[{"start":{"line":101,"column":2},"end":{"line":129,"column":3}},{"start":{},"end":{}}],"line":101}},"s":{"0":2,"1":2,"2":2,"3":2,"4":2,"5":1,"6":1,"7":2,"8":2,"9":2,"10":1,"11":1,"12":1,"13":1,"14":2,"15":2,"16":2,"17":1,"18":1,"19":1,"20":1,"21":0,"22":0,"23":1,"24":1,"25":1,"26":0,"27":1,"28":1,"29":1,"30":1,"31":1,"32":1,"33":1,"34":0,"35":0,"36":0,"37":0,"38":0,"39":0,"40":0,"41":1,"42":2},"f":{"0":2,"1":1,"2":2,"3":2,"4":0},"b":{"0":[1,1],"1":[0,1],"2":[0,0],"3":[0,1],"4":[1,0],"5":[0,1]},"_coverageSchema":"1a1c01bbd47fc00a2c39e90264f33305004495a9","hash":"e2e80a595ddf0a290b827f5bcc9f6913d828fea3"}
,"/Users/pranav_vohra/Library/CloudStorage/OneDrive-McKinsey&Company/Desktop/codeAcademy2023/finalEval/server/src/utils/config.js": {"path":"/Users/pranav_vohra/Library/CloudStorage/OneDrive-McKinsey&Company/Desktop/codeAcademy2023/finalEval/server/src/utils/config.js","statementMap":{"0":{"start":{"line":1,"column":0},"end":{"line":6,"column":2}}},"fnMap":{},"branchMap":{"0":{"loc":{"start":{"line":3,"column":7},"end":{"line":3,"column":44}},"type":"binary-expr","locations":[{"start":{"line":3,"column":7},"end":{"line":3,"column":27}},{"start":{"line":3,"column":31},"end":{"line":3,"column":44}}],"line":3},"1":{"loc":{"start":{"line":4,"column":8},"end":{"line":4,"column":32}},"type":"binary-expr","locations":[{"start":{"line":4,"column":8},"end":{"line":4,"column":24}},{"start":{"line":4,"column":28},"end":{"line":4,"column":32}}],"line":4},"2":{"loc":{"start":{"line":5,"column":12},"end":{"line":5,"column":59}},"type":"binary-expr","locations":[{"start":{"line":5,"column":12},"end":{"line":5,"column":32}},{"start":{"line":5,"column":36},"end":{"line":5,"column":59}}],"line":5}},"s":{"0":1},"f":{},"b":{"0":[1,0],"1":[1,1],"2":[1,1]},"_coverageSchema":"1a1c01bbd47fc00a2c39e90264f33305004495a9","hash":"67b5aba717586876b1d7548f564d407484b2b1c3"}
}
