TN:
SF:database/config/config.js
FNF:0
FNH:0
DA:1,3
LF:1
LH:1
BRF:0
BRH:0
end_of_record
TN:
SF:src/middlewares/authorization/index.js
FN:11,(anonymous_0)
FN:36,(anonymous_1)
FNF:2
FNH:2
FNDA:3,(anonymous_0)
FNDA:3,(anonymous_1)
DA:1,1
DA:2,1
DA:4,1
DA:9,1
DA:11,1
DA:12,3
DA:13,3
DA:16,2
DA:18,2
DA:19,1
DA:21,1
DA:25,1
DA:26,1
DA:28,1
DA:29,1
DA:30,1
DA:32,0
DA:36,1
DA:37,3
DA:38,3
DA:41,2
DA:42,2
DA:43,1
DA:45,1
DA:49,1
DA:50,1
DA:52,1
DA:53,1
DA:55,0
DA:59,1
LF:30
LH:28
BRDA:18,0,0,1
BRDA:18,0,1,1
BRDA:29,1,0,1
BRDA:29,1,1,0
BRDA:42,2,0,1
BRDA:42,2,1,1
BRDA:52,3,0,1
BRDA:52,3,1,0
BRF:8
BRH:6
end_of_record
TN:
SF:src/models/ContentType.js
FN:3,(anonymous_0)
FN:5,(anonymous_1)
FNF:2
FNH:2
FNDA:3,(anonymous_0)
FNDA:3,(anonymous_1)
DA:1,3
DA:3,3
DA:8,3
DA:13,3
DA:19,3
DA:45,3
LF:6
LH:6
BRF:0
BRH:0
end_of_record
TN:
SF:src/models/Record.js
FN:3,(anonymous_0)
FN:5,(anonymous_1)
FNF:2
FNH:2
FNDA:3,(anonymous_0)
FNDA:3,(anonymous_1)
DA:1,3
DA:3,3
DA:7,3
DA:14,3
DA:40,3
LF:5
LH:5
BRF:0
BRH:0
end_of_record
TN:
SF:src/models/Sample.js
FN:3,(anonymous_0)
FN:5,(anonymous_1)
FNF:2
FNH:2
FNDA:3,(anonymous_0)
FNDA:3,(anonymous_1)
DA:1,3
DA:3,3
DA:9,3
DA:31,3
LF:4
LH:4
BRF:0
BRH:0
end_of_record
TN:
SF:src/models/Schema.js
FN:3,(anonymous_0)
FN:5,(anonymous_1)
FNF:2
FNH:2
FNDA:3,(anonymous_0)
FNDA:3,(anonymous_1)
DA:1,3
DA:3,3
DA:7,3
DA:14,3
DA:40,3
LF:5
LH:5
BRF:0
BRH:0
end_of_record
TN:
SF:src/models/index.js
FN:25,(anonymous_0)
FN:31,(anonymous_1)
FN:39,(anonymous_2)
FNF:3
FNH:3
FNDA:15,(anonymous_0)
FNDA:12,(anonymous_1)
FNDA:12,(anonymous_2)
DA:1,3
DA:2,3
DA:3,3
DA:4,3
DA:6,3
DA:7,3
DA:8,3
DA:9,3
DA:12,3
DA:13,0
DA:15,3
DA:23,3
DA:26,15
DA:32,12
DA:36,12
DA:39,3
DA:40,12
DA:41,12
DA:45,3
DA:46,3
DA:48,3
LF:21
LH:20
BRDA:7,0,0,3
BRDA:7,0,1,0
BRDA:12,1,0,0
BRDA:12,1,1,3
BRDA:26,2,0,15
BRDA:26,2,1,15
BRDA:26,2,2,12
BRDA:26,2,3,12
BRDA:40,3,0,12
BRDA:40,3,1,0
BRF:10
BRH:7
end_of_record
TN:
SF:src/schemas/api/contentTypes/create.js
FN:3,(anonymous_0)
FNF:1
FNH:1
FNDA:2,(anonymous_0)
DA:1,1
DA:3,1
DA:4,2
DA:14,2
DA:15,2
DA:16,1
DA:19,1
LF:7
LH:7
BRDA:15,0,0,1
BRDA:15,0,1,1
BRF:2
BRH:2
end_of_record
TN:
SF:src/schemas/api/contentTypes/getById.js
FN:3,(anonymous_0)
FNF:1
FNH:1
FNDA:2,(anonymous_0)
DA:1,1
DA:3,1
DA:4,2
DA:7,2
DA:8,2
DA:9,1
DA:12,1
LF:7
LH:7
BRDA:8,0,0,1
BRDA:8,0,1,1
BRF:2
BRH:2
end_of_record
TN:
SF:src/schemas/api/contentTypes/list.js
FN:3,(anonymous_0)
FNF:1
FNH:1
FNDA:2,(anonymous_0)
DA:1,1
DA:3,1
DA:4,2
DA:5,2
DA:6,2
DA:7,1
DA:10,1
LF:7
LH:7
BRDA:6,0,0,1
BRDA:6,0,1,1
BRF:2
BRH:2
end_of_record
TN:
SF:src/schemas/api/contentTypes/updateMeta.js
FN:3,(anonymous_0)
FNF:1
FNH:1
FNDA:2,(anonymous_0)
DA:1,1
DA:3,1
DA:4,2
DA:7,2
DA:8,2
DA:9,2
DA:12,2
DA:13,2
DA:14,1
DA:17,1
LF:10
LH:10
BRDA:8,0,0,0
BRDA:8,0,1,2
BRDA:13,1,0,1
BRDA:13,1,1,1
BRF:4
BRH:3
end_of_record
TN:
SF:src/services/contentTypes/index.js
FN:5,(anonymous_0)
FN:16,(anonymous_1)
FN:31,(anonymous_2)
FN:38,(anonymous_3)
FN:41,(anonymous_4)
FNF:5
FNH:5
FNDA:1,(anonymous_0)
FNDA:1,(anonymous_1)
FNDA:1,(anonymous_2)
FNDA:2,(anonymous_3)
FNDA:1,(anonymous_4)
DA:1,1
DA:3,1
DA:5,1
DA:6,1
DA:8,1
DA:11,1
DA:12,1
DA:16,1
DA:21,1
DA:28,1
DA:31,1
DA:32,1
DA:37,1
DA:38,2
DA:41,1
DA:42,1
DA:52,1
DA:55,1
LF:18
LH:18
BRF:0
BRH:0
end_of_record
TN:
SF:src/services/records/index.js
FN:3,(anonymous_0)
FN:12,(anonymous_1)
FN:41,(anonymous_2)
FNF:3
FNH:3
FNDA:1,(anonymous_0)
FNDA:1,(anonymous_1)
FNDA:1,(anonymous_2)
DA:1,1
DA:3,1
DA:4,1
DA:9,1
DA:12,1
DA:14,1
DA:15,1
DA:16,0
DA:18,1
DA:26,1
DA:27,1
DA:38,1
DA:41,1
DA:42,1
DA:47,1
DA:50,1
LF:16
LH:15
BRDA:15,0,0,0
BRDA:15,0,1,1
BRF:2
BRH:1
end_of_record
TN:
SF:src/services/schemas/index.js
FN:3,(anonymous_0)
FN:10,(anonymous_1)
FN:19,(anonymous_2)
FN:46,(anonymous_3)
FN:109,(anonymous_4)
FNF:5
FNH:4
FNDA:2,(anonymous_0)
FNDA:1,(anonymous_1)
FNDA:2,(anonymous_2)
FNDA:2,(anonymous_3)
FNDA:0,(anonymous_4)
DA:1,2
DA:3,2
DA:4,2
DA:7,2
DA:10,2
DA:11,1
DA:16,1
DA:19,2
DA:21,2
DA:22,2
DA:23,1
DA:25,1
DA:32,1
DA:43,1
DA:46,2
DA:51,2
DA:52,2
DA:55,1
DA:61,1
DA:64,1
DA:66,1
DA:67,0
DA:68,0
DA:71,1
DA:72,1
DA:73,1
DA:74,0
DA:76,1
DA:79,1
DA:80,1
DA:82,1
DA:83,1
DA:89,1
DA:101,1
DA:102,0
DA:103,0
DA:109,0
DA:110,0
DA:111,0
DA:113,0
DA:128,0
DA:131,1
DA:134,2
LF:43
LH:33
BRDA:22,0,0,1
BRDA:22,0,1,1
BRDA:66,1,0,0
BRDA:66,1,1,1
BRDA:67,2,0,0
BRDA:67,2,1,0
BRDA:73,3,0,0
BRDA:73,3,1,1
BRDA:79,4,0,1
BRDA:79,4,1,0
BRDA:101,5,0,0
BRDA:101,5,1,1
BRF:12
BRH:6
end_of_record
TN:
SF:src/utils/config.js
FNF:0
FNH:0
DA:1,1
LF:1
LH:1
BRDA:3,0,0,1
BRDA:3,0,1,0
BRDA:4,1,0,1
BRDA:4,1,1,1
BRDA:5,2,0,1
BRDA:5,2,1,1
BRF:6
BRH:5
end_of_record
